##############################智能优化算法输出报告##############################
子流域数量：		6
种群大小：		4
最大迭代次数：		10
alpha率定方法：		按子流域
m率定方法：		按子流域
sdbar率定方法：		按子流域
n0率定方法：		按子流域
T0率定方法：		按粒径
Srmax率定方法：		按类别
参数维度：		37
##############################     alpha     ################################
Basin ID		alpha取值
0		2.300413129710841
1		2.660904265248947
2		0.9620532356092643
3		1.1426392947744326
4		3.049109292960625
5		1.4451019142998902
##############################       m       ################################
Basin ID		m取值
0		0.08575977907778135
1		0.07540029329015423
2		0.07540029329015423
3		0.08575977907778135
4		0.08575977907778135
5		0.07540029329015423
##############################     dl&dt     ###############################
dl		2
dt		2
##############################     sdbar     ###############################
Basin ID		sdbar取值
0		0.41568844735899096
1		0.41568844735899096
2		0.42604793314661804
3		0.41568844735899096
4		0.42604793314661804
5		0.42604793314661804
##############################      n0       ################################
Basin ID		n0取值
0		0.04137147788327052
1		0.04137147788327052
2		0.051730963670897634
3		0.04137147788327052
4		0.051730963670897634
5		0.051730963670897634
##############################      t0       #################################
Clay		2.398348407942757
Sand		11.531587141434589
Silt		15.349747417661812
##############################     srmax      ###############################
Landuse ID		srmax取值
3		0.42604793314661804
4		0.3579903023328506
11		0.3579903023328506
12		0.3579903023328506
21		0.34763081654522354
24		0.3579903023328506
51		0.3579903023328506
52		0.34763081654522354
